IQ-TREE multicore version 2.4.0 for Windows 64-bit built Feb  7 2025
Developed by Bui Quang Minh, Nguyen Lam Tung, Olga Chernomor, Heiko Schmidt,
Dominik Schrempf, Michael Woodhams, Ly Trong Nhan, Thomas Wong

Host:    LAPTOP-5SO4AV82 (AVX2, FMA3, 15 GB RAM)
Command: C:\Users\giann\Desktop\Biol595_TOL\Project\iqtree2.exe -s data/rag1_aligned.fa -m MFP -B 1000 -T AUTO -redo
Seed:    194803 (Using SPRNG - Scalable Parallel Random Number Generator)
Time:    Wed Apr 23 16:24:44 2025
Kernel:  AVX+FMA - auto-detect threads (16 CPU cores detected)

Reading alignment file data/rag1_aligned.fa ... Fasta format detected
Reading fasta file: done in 0.0021908 secs
Alignment most likely contains DNA/RNA sequences
Alignment has 10 sequences with 12001 columns, 199 distinct patterns
68 parsimony-informative, 187 singleton sites, 11746 constant sites
                        Gap/Ambiguity  Composition  p-value
Analyzing sequences: done in 1.18e-005 secs
   1  Mus_musculus             93.55%    failed      3.40%
   2  Dromiciops_gliroides     90.18%    failed      1.14%
   3  Sarcophilus_harrisii     90.40%    failed      3.33%
   4  Macropus_fuliginosus     95.48%    passed     22.52%
   5  Wallabia_bicolor         95.48%    passed     27.87%
   6  Phascolarctos_cinereus    0.00%    failed      0.00%
   7  Lasiorhinus_latifrons    95.47%    failed      4.27%
   8  Vombatus_ursinus         95.48%    passed      6.03%
   9  Spilocuscus_maculatus    95.48%    passed      8.72%
  10  Trichosurus_vulpecula    93.60%    passed      5.88%
WARNING: 9 sequences contain more than 50% gaps/ambiguity
****  TOTAL                    84.51%  5 sequences failed composition chi2 test (p-value<5%; df=3)


Create initial parsimony tree by phylogenetic likelihood library (PLL)... 0.000 seconds
Measuring multi-threading efficiency up to 16 CPU cores
Increase to 10 rounds for branch lengths
7702 trees examined
Threads: 1 / Time: 16.001 sec / Speedup: 1.000 / Efficiency: 100% / LogL: -18213
Threads: 2 / Time: 14.950 sec / Speedup: 1.070 / Efficiency: 54% / LogL: -18213
Threads: 3 / Time: 14.600 sec / Speedup: 1.096 / Efficiency: 37% / LogL: -18213
BEST NUMBER OF THREADS: 2

Perform fast likelihood tree search using GTR+I+G model...
Estimate model parameters (epsilon = 5.000)
Perform nearest neighbor interchange...
Estimate model parameters (epsilon = 1.000)
1. Initial log-likelihood: -18025.159
Optimal log-likelihood: -18025.100
Rate parameters:  A-C: 2.24580  A-G: 6.12791  A-T: 0.94259  C-G: 1.17922  C-T: 9.29257  G-T: 1.00000
Base frequencies:  A: 0.276  C: 0.219  G: 0.241  T: 0.265
Proportion of invariable sites: 0.489
Gamma shape alpha: 1.546
Parameters optimization took 1 rounds (0.002 sec)
Time for fast ML tree search: 0.015 seconds

NOTE: ModelFinder requires 1 MB RAM!
ModelFinder will test up to 484 DNA models (sample size: 12001 epsilon: 0.100) ...
 No. Model         -LnL         df  AIC          AICc         BIC
WARNING: Number of threads seems too high for short alignments. Use -T AUTO to determine best number of threads.
  1  GTR+F         18061.601    25  36173.202    36173.311    36358.021
WARNING: Number of threads seems too high for short alignments. Use -T AUTO to determine best number of threads.
  2  GTR+F+I       18027.772    26  36107.544    36107.661    36299.755
WARNING: Number of threads seems too high for short alignments. Use -T AUTO to determine best number of threads.
  3  GTR+F+G4      18025.307    26  36102.613    36102.731    36294.825
WARNING: Number of threads seems too high for short alignments. Use -T AUTO to determine best number of threads.
  4  GTR+F+I+G4    18025.191    27  36104.383    36104.509    36303.987
WARNING: Number of threads seems too high for short alignments. Use -T AUTO to determine best number of threads.
  5  GTR+F+R2      18029.826    27  36113.651    36113.777    36313.255
WARNING: Number of threads seems too high for short alignments. Use -T AUTO to determine best number of threads.
  6  GTR+F+R3      18026.121    29  36110.241    36110.387    36324.631
WARNING: Number of threads seems too high for short alignments. Use -T AUTO to determine best number of threads.
 14  GTR+F+I+R2    18025.847    28  36107.694    36107.830    36314.691
WARNING: Number of threads seems too high for short alignments. Use -T AUTO to determine best number of threads.
 15  GTR+F+I+R3    18024.966    30  36109.932    36110.088    36331.715
WARNING: Number of threads seems too high for short alignments. Use -T AUTO to determine best number of threads.
 24  SYM+I         18150.140    23  36346.279    36346.371    36516.312
WARNING: Number of threads seems too high for short alignments. Use -T AUTO to determine best number of threads.
 25  SYM+G4        18147.835    23  36341.670    36341.763    36511.704
WARNING: Number of threads seems too high for short alignments. Use -T AUTO to determine best number of threads.
 26  SYM+I+G4      18147.666    24  36343.332    36343.432    36520.758
WARNING: Number of threads seems too high for short alignments. Use -T AUTO to determine best number of threads.
 46  TVM+F+I       18030.455    25  36110.910    36111.019    36295.729
WARNING: Number of threads seems too high for short alignments. Use -T AUTO to determine best number of threads.
 47  TVM+F+G4      18028.462    25  36106.925    36107.033    36291.743
WARNING: Number of threads seems too high for short alignments. Use -T AUTO to determine best number of threads.
 48  TVM+F+I+G4    18028.198    26  36108.395    36108.513    36300.607
WARNING: Number of threads seems too high for short alignments. Use -T AUTO to determine best number of threads.
 68  TVMe+I        18152.011    22  36348.021    36348.106    36510.661
WARNING: Number of threads seems too high for short alignments. Use -T AUTO to determine best number of threads.
 69  TVMe+G4       18150.024    22  36344.049    36344.133    36506.689
WARNING: Number of threads seems too high for short alignments. Use -T AUTO to determine best number of threads.
 70  TVMe+I+G4     18149.757    23  36345.514    36345.606    36515.547
WARNING: Number of threads seems too high for short alignments. Use -T AUTO to determine best number of threads.
 90  TIM3+F+I      18029.103    24  36106.205    36106.305    36283.631
WARNING: Number of threads seems too high for short alignments. Use -T AUTO to determine best number of threads.
 91  TIM3+F+G4     18026.695    24  36101.390    36101.491    36278.816
WARNING: Number of threads seems too high for short alignments. Use -T AUTO to determine best number of threads.
 92  TIM3+F+I+G4   18026.556    25  36103.113    36103.221    36287.931
WARNING: Number of threads seems too high for short alignments. Use -T AUTO to determine best number of threads.
112  TIM3e+I       18152.155    21  36346.310    36346.387    36501.558
WARNING: Number of threads seems too high for short alignments. Use -T AUTO to determine best number of threads.
113  TIM3e+G4      18149.840    21  36341.680    36341.757    36496.928
WARNING: Number of threads seems too high for short alignments. Use -T AUTO to determine best number of threads.
114  TIM3e+I+G4    18149.657    22  36343.314    36343.398    36505.954
WARNING: Number of threads seems too high for short alignments. Use -T AUTO to determine best number of threads.
134  TIM2+F+I      18030.220    24  36108.440    36108.540    36285.866
WARNING: Number of threads seems too high for short alignments. Use -T AUTO to determine best number of threads.
135  TIM2+F+G4     18027.933    24  36103.866    36103.966    36281.292
WARNING: Number of threads seems too high for short alignments. Use -T AUTO to determine best number of threads.
136  TIM2+F+I+G4   18027.825    25  36105.649    36105.758    36290.468
WARNING: Number of threads seems too high for short alignments. Use -T AUTO to determine best number of threads.
156  TIM2e+I       18151.806    21  36345.611    36345.688    36500.859
WARNING: Number of threads seems too high for short alignments. Use -T AUTO to determine best number of threads.
157  TIM2e+G4      18149.570    21  36341.140    36341.217    36496.388
WARNING: Number of threads seems too high for short alignments. Use -T AUTO to determine best number of threads.
158  TIM2e+I+G4    18149.411    22  36342.821    36342.906    36505.462
WARNING: Number of threads seems too high for short alignments. Use -T AUTO to determine best number of threads.
178  TIM+F+I       18029.996    24  36107.992    36108.092    36285.418
WARNING: Number of threads seems too high for short alignments. Use -T AUTO to determine best number of threads.
179  TIM+F+G4      18027.725    24  36103.449    36103.549    36280.875
WARNING: Number of threads seems too high for short alignments. Use -T AUTO to determine best number of threads.
180  TIM+F+I+G4    18027.592    25  36105.184    36105.293    36290.003
WARNING: Number of threads seems too high for short alignments. Use -T AUTO to determine best number of threads.
200  TIMe+I        18152.141    21  36346.281    36346.358    36501.529
WARNING: Number of threads seems too high for short alignments. Use -T AUTO to determine best number of threads.
201  TIMe+G4       18149.910    21  36341.821    36341.898    36497.068
WARNING: Number of threads seems too high for short alignments. Use -T AUTO to determine best number of threads.
202  TIMe+I+G4     18149.748    22  36343.496    36343.580    36506.136
WARNING: Number of threads seems too high for short alignments. Use -T AUTO to determine best number of threads.
222  TPM3u+F+I     18031.879    23  36109.757    36109.849    36279.790
WARNING: Number of threads seems too high for short alignments. Use -T AUTO to determine best number of threads.
223  TPM3u+F+G4    18029.920    23  36105.841    36105.933    36275.874
WARNING: Number of threads seems too high for short alignments. Use -T AUTO to determine best number of threads.
224  TPM3u+F+I+G4  18029.639    24  36107.277    36107.378    36284.703
WARNING: Number of threads seems too high for short alignments. Use -T AUTO to determine best number of threads.
244  TPM3+I        18153.965    20  36347.931    36348.001    36495.786
WARNING: Number of threads seems too high for short alignments. Use -T AUTO to determine best number of threads.
245  TPM3+G4       18152.018    20  36344.037    36344.107    36491.892
WARNING: Number of threads seems too high for short alignments. Use -T AUTO to determine best number of threads.
246  TPM3+I+G4     18151.756    21  36345.512    36345.589    36500.760
WARNING: Number of threads seems too high for short alignments. Use -T AUTO to determine best number of threads.
266  TPM2u+F+I     18033.014    23  36112.028    36112.120    36282.061
WARNING: Number of threads seems too high for short alignments. Use -T AUTO to determine best number of threads.
267  TPM2u+F+G4    18031.142    23  36108.283    36108.375    36278.316
WARNING: Number of threads seems too high for short alignments. Use -T AUTO to determine best number of threads.
268  TPM2u+F+I+G4  18030.845    24  36109.690    36109.791    36287.116
WARNING: Number of threads seems too high for short alignments. Use -T AUTO to determine best number of threads.
288  TPM2+I        18153.675    20  36347.351    36347.421    36495.206
WARNING: Number of threads seems too high for short alignments. Use -T AUTO to determine best number of threads.
289  TPM2+G4       18151.748    20  36343.496    36343.566    36491.350
WARNING: Number of threads seems too high for short alignments. Use -T AUTO to determine best number of threads.
290  TPM2+I+G4     18151.498    21  36344.996    36345.073    36500.243
WARNING: Number of threads seems too high for short alignments. Use -T AUTO to determine best number of threads.
310  K3Pu+F+I      18032.739    23  36111.479    36111.571    36281.512
WARNING: Number of threads seems too high for short alignments. Use -T AUTO to determine best number of threads.
311  K3Pu+F+G4     18030.858    23  36107.715    36107.807    36277.748
WARNING: Number of threads seems too high for short alignments. Use -T AUTO to determine best number of threads.
312  K3Pu+F+I+G4   18030.591    24  36109.182    36109.283    36286.608
WARNING: Number of threads seems too high for short alignments. Use -T AUTO to determine best number of threads.
332  K3P+I         18153.989    20  36347.978    36348.048    36495.833
WARNING: Number of threads seems too high for short alignments. Use -T AUTO to determine best number of threads.
333  K3P+G4        18152.098    20  36344.196    36344.266    36492.051
WARNING: Number of threads seems too high for short alignments. Use -T AUTO to determine best number of threads.
334  K3P+I+G4      18151.843    21  36345.685    36345.762    36500.933
WARNING: Number of threads seems too high for short alignments. Use -T AUTO to determine best number of threads.
354  TN+F+I        18030.960    23  36107.919    36108.011    36277.952
WARNING: Number of threads seems too high for short alignments. Use -T AUTO to determine best number of threads.
355  TN+F+G4       18028.675    23  36103.350    36103.442    36273.383
WARNING: Number of threads seems too high for short alignments. Use -T AUTO to determine best number of threads.
356  TN+F+I+G4     18028.534    24  36105.067    36105.167    36282.493
WARNING: Number of threads seems too high for short alignments. Use -T AUTO to determine best number of threads.
376  TNe+I         18153.080    20  36346.161    36346.231    36494.016
WARNING: Number of threads seems too high for short alignments. Use -T AUTO to determine best number of threads.
377  TNe+G4        18150.835    20  36341.670    36341.740    36489.525
WARNING: Number of threads seems too high for short alignments. Use -T AUTO to determine best number of threads.
378  TNe+I+G4      18150.668    21  36343.337    36343.414    36498.585
WARNING: Number of threads seems too high for short alignments. Use -T AUTO to determine best number of threads.
398  HKY+F+I       18033.704    22  36111.407    36111.492    36274.047
WARNING: Number of threads seems too high for short alignments. Use -T AUTO to determine best number of threads.
399  HKY+F+G4      18031.834    22  36107.668    36107.752    36270.308
WARNING: Number of threads seems too high for short alignments. Use -T AUTO to determine best number of threads.
400  HKY+F+I+G4    18031.573    23  36109.146    36109.238    36279.179
WARNING: Number of threads seems too high for short alignments. Use -T AUTO to determine best number of threads.
420  K2P+I         18154.923    19  36347.846    36347.910    36488.308
WARNING: Number of threads seems too high for short alignments. Use -T AUTO to determine best number of threads.
421  K2P+G4        18153.034    19  36344.067    36344.131    36484.529
WARNING: Number of threads seems too high for short alignments. Use -T AUTO to determine best number of threads.
422  K2P+I+G4      18152.778    20  36345.556    36345.626    36493.411
WARNING: Number of threads seems too high for short alignments. Use -T AUTO to determine best number of threads.
442  F81+F+I       18120.220    21  36282.439    36282.516    36437.687
WARNING: Number of threads seems too high for short alignments. Use -T AUTO to determine best number of threads.
443  F81+F+G4      18118.917    21  36279.833    36279.910    36435.081
WARNING: Number of threads seems too high for short alignments. Use -T AUTO to determine best number of threads.
444  F81+F+I+G4    18118.941    22  36281.882    36281.966    36444.522
WARNING: Number of threads seems too high for short alignments. Use -T AUTO to determine best number of threads.
464  JC+I          18241.636    18  36519.271    36519.328    36652.341
WARNING: Number of threads seems too high for short alignments. Use -T AUTO to determine best number of threads.
465  JC+G4         18240.331    18  36516.662    36516.719    36649.731
WARNING: Number of threads seems too high for short alignments. Use -T AUTO to determine best number of threads.
466  JC+I+G4       18240.340    19  36518.681    36518.744    36659.143
Akaike Information Criterion:           TIM3+F+G4
Corrected Akaike Information Criterion: TIM3+F+G4
Bayesian Information Criterion:         HKY+F+G4
Best-fit model: HKY+F+G4 chosen according to BIC

All model information printed to data/rag1_aligned.fa.model.gz
CPU time for ModelFinder: 28.266 seconds (0h:0m:28s)
Wall-clock time for ModelFinder: 45.827 seconds (0h:0m:45s)
Generating 1000 samples for ultrafast bootstrap (seed: 194803)...

NOTE: 1 MB RAM (0 GB) is required!
WARNING: Number of threads seems too high for short alignments. Use -T AUTO to determine best number of threads.
Estimate model parameters (epsilon = 0.100)
1. Initial log-likelihood: -18118.927
2. Current log-likelihood: -18081.763
3. Current log-likelihood: -18062.081
4. Current log-likelihood: -18043.396
5. Current log-likelihood: -18032.940
6. Current log-likelihood: -18031.906
Optimal log-likelihood: -18031.838
Rate parameters:  A-C: 1.00000  A-G: 5.41956  A-T: 1.00000  C-G: 1.00000  C-T: 5.41956  G-T: 1.00000
Base frequencies:  A: 0.276  C: 0.219  G: 0.241  T: 0.265
Gamma shape alpha: 0.309
Parameters optimization took 6 rounds (0.011 sec)
Wrote distance file to... 
Computing ML distances based on estimated model parameters...
Calculating distance matrix: done in 0.0004327 secs
Computing ML distances took 0.000556 sec (of wall-clock time) 0.000000 sec (of CPU time)
Setting up auxiliary I and S matrices: done in 0.0020964 secs
Computing RapidNJ tree took 0.006364 sec (of wall-clock time) 0.000000 sec (of CPU time)
Log-likelihood of RapidNJ tree: -18070.807
--------------------------------------------------------------------
|             INITIALIZING CANDIDATE TREE SET                      |
--------------------------------------------------------------------
Generating 98 parsimony trees... 0.058 second
Computing log-likelihood of 87 initial trees ... 0.061 seconds
Current best score: -18031.838

Do NNI search on 20 best initial trees
Estimate model parameters (epsilon = 0.100)
BETTER TREE FOUND at iteration 1: -18031.829
Iteration 10 / LogL: -18031.835 / Time: 0h:0m:46s
Iteration 20 / LogL: -18031.833 / Time: 0h:0m:46s
Finish initializing candidate tree set (1)
Current best tree score: -18031.829 / CPU time: 0.288
Number of iterations: 20
--------------------------------------------------------------------
|               OPTIMIZING CANDIDATE TREE SET                      |
--------------------------------------------------------------------
Iteration 30 / LogL: -18031.837 / Time: 0h:0m:46s (0h:0m:1s left)
Iteration 40 / LogL: -18031.836 / Time: 0h:0m:46s (0h:0m:1s left)
Iteration 50 / LogL: -18031.835 / Time: 0h:0m:46s (0h:0m:0s left)
Log-likelihood cutoff on original alignment: -18056.051
UPDATE BEST LOG-LIKELIHOOD: -18031.828
UPDATE BEST LOG-LIKELIHOOD: -18031.828
Iteration 60 / LogL: -18031.828 / Time: 0h:0m:46s (0h:0m:0s left)
UPDATE BEST LOG-LIKELIHOOD: -18031.828
UPDATE BEST LOG-LIKELIHOOD: -18031.828
Iteration 70 / LogL: -18032.191 / Time: 0h:0m:47s (0h:0m:0s left)
Iteration 80 / LogL: -18031.891 / Time: 0h:0m:47s (0h:0m:0s left)
UPDATE BEST LOG-LIKELIHOOD: -18031.828
Iteration 90 / LogL: -18031.873 / Time: 0h:0m:47s (0h:0m:0s left)
Iteration 100 / LogL: -18031.862 / Time: 0h:0m:47s (0h:0m:0s left)
Log-likelihood cutoff on original alignment: -18056.051
NOTE: Bootstrap correlation coefficient of split occurrence frequencies: 1.000
TREE SEARCH COMPLETED AFTER 102 ITERATIONS / Time: 0h:0m:47s

--------------------------------------------------------------------
|                    FINALIZING TREE SEARCH                        |
--------------------------------------------------------------------
Performs final model parameters optimization
Estimate model parameters (epsilon = 0.010)
1. Initial log-likelihood: -18031.828
Optimal log-likelihood: -18031.828
Rate parameters:  A-C: 1.00000  A-G: 5.50776  A-T: 1.00000  C-G: 1.00000  C-T: 5.50776  G-T: 1.00000
Base frequencies:  A: 0.276  C: 0.219  G: 0.241  T: 0.265
Gamma shape alpha: 0.310
Parameters optimization took 1 rounds (0.001 sec)
BEST SCORE FOUND : -18031.828
Creating bootstrap support values...
Split supports printed to NEXUS file data/rag1_aligned.fa.splits.nex
Total tree length: 0.494

Total number of iterations: 102
CPU time used for tree search: 1.250 sec (0h:0m:1s)
Wall-clock time used for tree search: 1.754 sec (0h:0m:1s)
Total CPU time used: 29.578 sec (0h:0m:29s)
Total wall-clock time used: 47.720 sec (0h:0m:47s)

Computing bootstrap consensus tree...
Reading input file data/rag1_aligned.fa.splits.nex...
10 taxa and 59 splits.
Consensus tree written to data/rag1_aligned.fa.contree
Reading input trees file data/rag1_aligned.fa.contree
Log-likelihood of consensus tree: -18031.829

Analysis results written to: 
  IQ-TREE report:                data/rag1_aligned.fa.iqtree
  Maximum-likelihood tree:       data/rag1_aligned.fa.treefile
  Likelihood distances:          data/rag1_aligned.fa.mldist

Ultrafast bootstrap approximation results written to:
  Split support values:          data/rag1_aligned.fa.splits.nex
  Consensus tree:                data/rag1_aligned.fa.contree
  Screen log file:               data/rag1_aligned.fa.log

Date and Time: Wed Apr 23 16:25:31 2025
